{
  "RSpec": {
    "coverage": {
      "/Users/user/ruby/cramming/lib/model_base.rb": {
        "lines": [
          1,
          1,
          null,
          1,
          1,
          1348,
          1340,
          null,
          1340,
          3924,
          null,
          null,
          null,
          1,
          16,
          null,
          24,
          null,
          8,
          null,
          null,
          null,
          null,
          null,
          null,
          1,
          8,
          null,
          null,
          null,
          null,
          null,
          1,
          1,
          0,
          0,
          null,
          0,
          null,
          null,
          null,
          1,
          0,
          null,
          null,
          1,
          1428,
          4036,
          null,
          null,
          null,
          1,
          16,
          null,
          8,
          8,
          null,
          8,
          null,
          null,
          null,
          null,
          null,
          1,
          296,
          1200,
          null,
          null,
          null,
          1,
          56,
          null,
          56,
          null,
          null,
          1,
          32,
          null,
          24,
          24,
          null,
          24,
          null,
          null,
          1,
          16,
          null,
          8,
          null,
          8,
          13,
          null,
          null,
          null,
          1,
          1285,
          null,
          5140,
          null,
          1285,
          null,
          null,
          1,
          131,
          null,
          null,
          1,
          5450,
          null,
          null,
          1,
          3,
          null,
          null,
          1,
          1,
          null,
          null,
          1,
          1,
          null,
          null,
          1,
          72,
          null,
          null,
          null,
          1,
          null,
          1,
          1,
          null,
          null,
          1,
          16,
          null,
          null,
          1,
          16,
          null,
          null
        ]
      },
      "/Users/user/ruby/cramming/db/database.rb": {
        "lines": [
          1,
          1,
          null,
          null,
          1,
          1,
          1,
          2431,
          null,
          2431,
          null,
          2427,
          4,
          null,
          2,
          null,
          null,
          2,
          null,
          null,
          null,
          1,
          458,
          null,
          null,
          null,
          null,
          null,
          null,
          null,
          null,
          null,
          null,
          null,
          458,
          null,
          null,
          null,
          null,
          null,
          null,
          null,
          null,
          null,
          458,
          null,
          null,
          null,
          null,
          null,
          null,
          null,
          null,
          null,
          null,
          null,
          458,
          null,
          null,
          1,
          229,
          null,
          null,
          null
        ]
      },
      "/Users/user/ruby/cramming/lib/verbs.rb": {
        "lines": [
          1,
          1,
          1,
          1,
          19,
          null,
          null,
          1,
          2016,
          null,
          16128,
          null,
          null,
          1,
          39,
          null,
          null,
          null,
          null,
          1,
          1,
          1,
          4037,
          null,
          null,
          null,
          null,
          1,
          1,
          1,
          4037,
          null,
          null,
          null,
          null,
          1,
          1,
          1,
          4037,
          null,
          null,
          null,
          null
        ]
      },
      "/Users/user/ruby/cramming/lib/nouns.rb": {
        "lines": [
          1,
          1,
          1,
          1,
          13,
          null,
          null,
          1,
          1344,
          null,
          8064,
          null,
          null,
          1,
          26,
          null,
          null,
          null,
          null,
          1,
          1,
          1,
          2693,
          null,
          null,
          null,
          null,
          1,
          1,
          1,
          2693,
          null,
          null,
          null,
          null
        ]
      },
      "/Users/user/ruby/cramming/lib/adjectives.rb": {
        "lines": [
          1,
          1,
          1,
          1,
          19,
          null,
          null,
          1,
          2036,
          null,
          16288,
          null,
          null,
          1,
          39,
          null,
          null,
          null,
          null,
          1,
          1,
          1,
          4061,
          null,
          null,
          null,
          null,
          1,
          1,
          1,
          4085,
          null,
          null,
          null,
          null,
          1,
          1,
          1,
          4085,
          null,
          null,
          null,
          null
        ]
      },
      "/Users/user/ruby/cramming/db/seeds.rb": {
        "lines": [
          1,
          1,
          null,
          1,
          1,
          228,
          null,
          null,
          228,
          228,
          228,
          null,
          null,
          228,
          34200,
          null,
          null,
          null,
          null,
          null,
          null,
          null,
          null,
          null,
          228,
          34200,
          null,
          null,
          null,
          null,
          null,
          null,
          null,
          228,
          34200,
          null,
          null,
          null,
          null,
          null,
          null,
          null,
          null,
          null,
          null
        ]
      },
      "/Users/user/ruby/cramming/spec/support/shared_context.rb": {
        "lines": [
          1,
          24,
          16,
          null,
          8,
          8,
          8,
          null,
          null,
          8,
          8,
          null,
          null,
          null,
          8,
          8,
          8,
          null,
          null,
          null,
          null,
          1,
          216,
          38,
          null,
          8,
          8,
          56,
          null,
          8,
          8,
          8,
          null,
          null,
          8,
          8,
          null,
          null,
          null,
          8,
          16,
          null,
          8,
          16,
          null,
          null,
          null,
          null,
          null,
          null,
          null,
          null,
          8,
          24,
          null,
          8,
          32,
          null,
          8,
          8,
          8,
          null,
          null,
          null,
          8,
          16,
          null,
          8,
          16,
          null,
          null,
          null,
          null,
          null,
          8,
          null,
          null,
          null,
          null,
          8,
          8,
          8,
          8,
          null,
          null,
          null,
          null,
          1,
          58,
          null,
          8,
          8,
          8,
          8,
          null,
          null,
          8,
          8,
          null,
          null,
          null,
          8,
          8,
          32,
          null,
          8,
          8,
          null,
          null,
          null,
          8,
          16,
          null,
          8,
          16,
          null,
          null,
          null,
          null,
          null,
          null,
          null,
          null,
          8,
          8,
          8,
          null,
          null,
          8,
          1208,
          null,
          null,
          null,
          8,
          32,
          null,
          8,
          8,
          null,
          null,
          8,
          8,
          null,
          null,
          8,
          24,
          null,
          null,
          null,
          8,
          8,
          32,
          32,
          32,
          32,
          null,
          8,
          8,
          null,
          null,
          8,
          8,
          null,
          null,
          8,
          8,
          null,
          null,
          null,
          8,
          16,
          null,
          8,
          16,
          null,
          null,
          null,
          null,
          null,
          null,
          null,
          null,
          8,
          8,
          24,
          16,
          16,
          16,
          16,
          null,
          8,
          8,
          null,
          null,
          8,
          8,
          null,
          null,
          null,
          8,
          16,
          null,
          8,
          16,
          null,
          null,
          null,
          null,
          null,
          null,
          null,
          null
        ]
      },
      "/Users/user/ruby/cramming/spec/db/database_spec.rb": {
        "lines": [
          1,
          6,
          null,
          1,
          1,
          2,
          null,
          1,
          1,
          1,
          null,
          null,
          null,
          1,
          2,
          null,
          1,
          1,
          1,
          null,
          null,
          null,
          1,
          2,
          null,
          1,
          1,
          1,
          null,
          null,
          null,
          null,
          1,
          1,
          1,
          1,
          null,
          null,
          null,
          null,
          null,
          null,
          1,
          null,
          null,
          null,
          null,
          null,
          null,
          1,
          null,
          null,
          null,
          null,
          null,
          null,
          null,
          null,
          1,
          2,
          null,
          1,
          1,
          1,
          1,
          1,
          null,
          null,
          null
        ]
      },
      "/Users/user/ruby/cramming/spec/lib/adjectives_spec.rb": {
        "lines": [
          1,
          1,
          1,
          1,
          null,
          null,
          null,
          1,
          1,
          1,
          null,
          null,
          1,
          1,
          1,
          null,
          null,
          1,
          1,
          1,
          null,
          null,
          1,
          1,
          1,
          null,
          null,
          1,
          1,
          1,
          null,
          null,
          1,
          1,
          1,
          null,
          null
        ]
      },
      "/Users/user/ruby/cramming/spec/lib/model_base_spec.rb": {
        "lines": [
          1,
          8,
          8,
          3,
          null,
          1,
          4,
          8,
          null,
          null,
          null,
          1,
          3,
          null,
          1,
          1,
          1,
          1,
          null,
          null,
          1,
          1,
          3,
          null,
          null,
          null,
          null,
          1,
          2,
          null,
          1,
          1,
          1,
          null,
          null,
          null,
          1,
          3,
          null,
          1,
          1,
          1,
          3,
          null,
          null,
          null,
          null,
          1,
          1,
          2,
          null,
          null,
          null,
          null,
          1,
          3,
          null,
          1,
          1,
          1,
          3,
          null,
          null,
          null,
          null,
          1,
          1,
          1,
          null,
          null,
          null,
          null,
          1,
          1,
          1,
          null,
          null,
          null,
          1,
          2,
          null,
          1,
          null,
          null,
          1,
          2,
          null,
          1,
          null,
          null,
          1,
          2,
          null,
          1,
          null,
          null,
          1,
          2,
          null,
          1,
          null,
          null
        ]
      },
      "/Users/user/ruby/cramming/spec/lib/nouns_spec.rb": {
        "lines": [
          1,
          1,
          1,
          1,
          null,
          null,
          null,
          1,
          1,
          1,
          null,
          null,
          1,
          1,
          1,
          null,
          null,
          1,
          1,
          1,
          null,
          null,
          1,
          1,
          1,
          null,
          null
        ]
      },
      "/Users/user/ruby/cramming/spec/lib/verbs_spec.rb": {
        "lines": [
          1,
          1,
          1,
          1,
          null,
          null,
          null,
          1,
          1,
          1,
          null,
          null,
          1,
          1,
          1,
          null,
          null,
          1,
          1,
          1,
          null,
          null,
          1,
          1,
          1,
          null,
          null,
          1,
          1,
          1,
          null,
          null,
          1,
          1,
          1,
          null,
          null
        ]
      }
    },
    "timestamp": 1702885651
  }
}
