{
  "RSpec": {
    "coverage": {
      "/Users/user/ruby/cramming/lib/model_base.rb": {
        "lines": [
          1,
          null,
          1,
          1,
          1329,
          3891,
          4062,
          null,
          null,
          null,
          1,
          24,
          null,
          8,
          null,
          null,
          1,
          8,
          null,
          null,
          1,
          1,
          0,
          0,
          null,
          0,
          null,
          null,
          null,
          1,
          0,
          null,
          null,
          1,
          8,
          8,
          null,
          8,
          null,
          null,
          1,
          256,
          1200,
          null,
          null,
          null,
          1,
          48,
          null,
          48,
          null,
          null,
          1,
          24,
          24,
          null,
          24,
          null,
          null,
          1,
          8,
          null,
          8,
          13,
          null,
          null,
          null,
          1,
          1277,
          null,
          5108,
          null,
          1277,
          null,
          null,
          1,
          121,
          null,
          null,
          1,
          1417,
          null,
          null,
          1,
          0,
          null,
          null,
          1,
          0,
          null,
          null,
          1,
          0,
          null,
          null,
          1,
          72,
          null,
          null,
          null,
          1,
          null,
          1,
          0,
          null,
          null,
          1,
          16,
          null,
          null,
          1,
          16,
          null,
          null
        ]
      },
      "/Users/user/ruby/cramming/lib/verbs.rb": {
        "lines": [
          1,
          1,
          1,
          1,
          19,
          null,
          null,
          1,
          510,
          null,
          4080,
          null,
          null,
          1,
          36,
          null,
          null,
          null,
          null,
          1,
          1,
          1,
          1025,
          null,
          null,
          null,
          null,
          1,
          1,
          1,
          1025,
          null,
          null,
          null,
          null,
          1,
          1,
          1,
          1025,
          null,
          null,
          null,
          null
        ]
      },
      "/Users/user/ruby/cramming/lib/nouns.rb": {
        "lines": [
          1,
          1,
          1,
          1,
          13,
          null,
          null,
          1,
          340,
          null,
          2040,
          null,
          null,
          1,
          24,
          null,
          null,
          null,
          null,
          1,
          1,
          1,
          685,
          null,
          null,
          null,
          null,
          1,
          1,
          1,
          685,
          null,
          null,
          null,
          null
        ]
      },
      "/Users/user/ruby/cramming/lib/adjectives.rb": {
        "lines": [
          1,
          1,
          1,
          1,
          19,
          null,
          null,
          1,
          515,
          null,
          4120,
          null,
          null,
          1,
          36,
          null,
          null,
          null,
          null,
          1,
          1,
          1,
          1031,
          null,
          null,
          null,
          null,
          1,
          1,
          1,
          1037,
          null,
          null,
          null,
          null,
          1,
          1,
          1,
          1037,
          null,
          null,
          null,
          null
        ]
      },
      "/Users/user/ruby/cramming/db/database.rb": {
        "lines": [
          1,
          1,
          1,
          null,
          1,
          1,
          1,
          131,
          null,
          131,
          null,
          131,
          0,
          null,
          0,
          null,
          null,
          0,
          null,
          null,
          null,
          1,
          2,
          null,
          null,
          null,
          null,
          null,
          null,
          null,
          null,
          null,
          null,
          null,
          2,
          null,
          null,
          null,
          null,
          null,
          null,
          null,
          null,
          null,
          2,
          null,
          null,
          null,
          null,
          null,
          null,
          null,
          null,
          null,
          null,
          null,
          2,
          null,
          null,
          1,
          null,
          1,
          null,
          null,
          null
        ]
      },
      "/Users/user/ruby/cramming/db/seeds.rb": {
        "lines": [
          1,
          1,
          null,
          1,
          1,
          1,
          null,
          null,
          1,
          1,
          1,
          null,
          null,
          1,
          150,
          null,
          null,
          null,
          null,
          null,
          null,
          null,
          null,
          null,
          1,
          150,
          null,
          null,
          null,
          null,
          null,
          null,
          null,
          1,
          150,
          null,
          null,
          null,
          null,
          null,
          null,
          null,
          null,
          null,
          null
        ]
      },
      "/Users/user/ruby/cramming/spec/support/shared_context.rb": {
        "lines": [
          1,
          24,
          16,
          null,
          8,
          8,
          8,
          null,
          null,
          8,
          8,
          null,
          null,
          null,
          8,
          8,
          8,
          null,
          null,
          null,
          null,
          1,
          176,
          35,
          null,
          8,
          56,
          null,
          8,
          8,
          8,
          null,
          null,
          8,
          8,
          null,
          null,
          null,
          8,
          16,
          32,
          null,
          8,
          8,
          8,
          null,
          null,
          null,
          8,
          8,
          8,
          8,
          null,
          null,
          null,
          null,
          1,
          53,
          null,
          8,
          8,
          8,
          8,
          null,
          null,
          8,
          8,
          null,
          null,
          null,
          8,
          32,
          null,
          8,
          8,
          null,
          null,
          null,
          8,
          8,
          8,
          null,
          null,
          8,
          1208,
          null,
          null,
          null,
          8,
          32,
          null,
          8,
          8,
          null,
          null,
          8,
          8,
          null,
          null,
          8,
          24,
          null,
          null,
          null,
          8,
          32,
          32,
          32,
          32,
          null,
          8,
          8,
          null,
          null,
          8,
          8,
          null,
          null,
          8,
          8,
          null,
          null,
          null,
          8,
          24,
          16,
          16,
          16,
          16,
          null,
          8,
          8,
          null,
          null,
          8,
          8,
          null,
          null,
          null
        ]
      },
      "/Users/user/ruby/cramming/spec/lib/adjectives_spec.rb": {
        "lines": [
          1,
          1,
          1,
          1,
          null,
          null,
          null,
          1,
          1,
          1,
          null,
          null,
          1,
          1,
          1,
          null,
          null,
          1,
          1,
          1,
          null,
          null,
          1,
          1,
          1,
          null,
          null,
          1,
          1,
          1,
          null,
          null,
          1,
          1,
          1,
          null,
          null
        ]
      },
      "/Users/user/ruby/cramming/spec/lib/model_base_spec.rb": {
        "lines": [
          1,
          5,
          5,
          null,
          1,
          1,
          1,
          1,
          1,
          null,
          null,
          1,
          1,
          3,
          null,
          null,
          null,
          null,
          1,
          1,
          1,
          1,
          3,
          null,
          null,
          null,
          null,
          null,
          1,
          1,
          1,
          1,
          3,
          null,
          null,
          null,
          null,
          null,
          1,
          1,
          1,
          null,
          null,
          null
        ]
      },
      "/Users/user/ruby/cramming/spec/lib/nouns_spec.rb": {
        "lines": [
          1,
          1,
          1,
          1,
          null,
          null,
          null,
          1,
          1,
          1,
          null,
          null,
          1,
          1,
          1,
          null,
          null,
          1,
          1,
          1,
          null,
          null,
          1,
          1,
          1,
          null,
          null
        ]
      },
      "/Users/user/ruby/cramming/spec/lib/verbs_spec.rb": {
        "lines": [
          1,
          1,
          1,
          1,
          null,
          null,
          null,
          1,
          1,
          1,
          null,
          null,
          1,
          1,
          1,
          null,
          null,
          1,
          1,
          1,
          null,
          null,
          1,
          1,
          1,
          null,
          null,
          1,
          1,
          1,
          null,
          null,
          1,
          1,
          1,
          null,
          null
        ]
      }
    },
    "timestamp": 1702836464
  }
}
